<?xml version="1.0" encoding="UTF-8"?>
<!-- Generated by org.testng.reporters.JUnitXMLReporter -->
<testsuite ignored="0" hostname="LAPTOP-QE9PQD1O" failures="3" tests="5" name="Test" time="20.126" errors="0" timestamp="2024-12-12T21:06:26 IST">
  <testcase classname="testCases.TC003_AccountLoginDDT" name="verify_LoginDDT" time="2.366"/>
  <testcase classname="testCases.TC003_AccountLoginDDT" name="verify_LoginDDT" time="2.261">
    <failure type="java.lang.AssertionError" message="null">
      <![CDATA[java.lang.AssertionError: null
at testCases.TC003_AccountLoginDDT.verify_LoginDDT(TC003_AccountLoginDDT.java:48)
at java.base/java.util.ArrayList.forEach(ArrayList.java:1511)
... Removed 27 stack frames]]>
    </failure>
  </testcase> <!-- verify_LoginDDT -->
  <testcase classname="testCases.TC003_AccountLoginDDT" name="verify_LoginDDT" time="1.99">
    <failure type="java.lang.AssertionError" message="null">
      <![CDATA[java.lang.AssertionError: null
at testCases.TC003_AccountLoginDDT.verify_LoginDDT(TC003_AccountLoginDDT.java:48)
at java.base/java.util.ArrayList.forEach(ArrayList.java:1511)
... Removed 27 stack frames]]>
    </failure>
  </testcase> <!-- verify_LoginDDT -->
  <testcase classname="testCases.TC003_AccountLoginDDT" name="verify_LoginDDT" time="2.035">
    <failure type="java.lang.AssertionError" message="null">
      <![CDATA[java.lang.AssertionError: null
at testCases.TC003_AccountLoginDDT.verify_LoginDDT(TC003_AccountLoginDDT.java:48)
at java.base/java.util.ArrayList.forEach(ArrayList.java:1511)
... Removed 27 stack frames]]>
    </failure>
  </testcase> <!-- verify_LoginDDT -->
  <testcase classname="testCases.TC003_AccountLoginDDT" name="verify_LoginDDT" time="2.151"/>
</testsuite> <!-- Test -->
