<?xml version="1.0" encoding="UTF-8"?>
<!-- Generated by org.testng.reporters.JUnitXMLReporter -->
<testsuite ignored="1" hostname="LAPTOP-QE9PQD1O" failures="0" tests="2" name="Test" time="17.264" errors="0" timestamp="2024-12-01T15:47:35 IST">
  <testcase classname="testCases.TC001_AcctRegistractionTest" name="testAcctRegistartion" time="5.174"/>
  <testcase classname="testCases.TC002_AccountLoginTest" name="verify_Login" time="4.442"/>
  <testcase classname="testCases.TC003_AccountLoginDDT" name="verify_LoginDDT" time="0.0">
    <ignored/>
  </testcase> <!-- verify_LoginDDT -->
</testsuite> <!-- Test -->
